Arguments: 
  C:\Program Files\nodejs\node.exe C:\Program Files (x86)\Yarn\bin\yarn.js add react-native-sideswipe

PATH: 
  C:\Python27\;C:\Python27\Scripts;C:\Program Files (x86)\Intel\iCLS Client\;C:\Program Files\Intel\iCLS Client\;C:\Program Files (x86)\NVIDIA Corporation\PhysX\Common;C:\WINDOWS\system32;C:\WINDOWS;C:\WINDOWS\System32\Wbem;C:\WINDOWS\System32\WindowsPowerShell\v1.0\;C:\Program Files\Intel\WiFi\bin\;C:\Program Files\Common Files\Intel\WirelessCommon\;C:\Program Files (x86)\Common Files\Intuit\QBPOSSDKRuntime;C:\Program Files (x86)\Intel\Intel(R) Management Engine Components\DAL;C:\Program Files\Intel\Intel(R) Management Engine Components\DAL;C:\Program Files (x86)\Intel\Intel(R) Management Engine Components\IPT;C:\Program Files\Intel\Intel(R) Management Engine Components\IPT;C:\ProgramData\chocolatey\bin;C:\Program Files\nodejs\;C:\Program Files\Java\jdk1.8.0_162\bin;C:\Users\Paul\AppData\Local\Android\Sdk\platform-tools;C:\Users\Paul\AppData\Local\GitHubDesktop\app-1.1.1\resources\app\git\cmd;C:\Program Files (x86)\Yarn\bin\;C:\Users\Paul\AppData\Local\Microsoft\WindowsApps;C:\Users\Paul\AppData\Roaming\npm;C:\Users\Paul\AppData\Local\GitHubDesktop\bin;C:\Users\Paul\AppData\Local\Yarn\bin

Yarn version: 
  1.5.1

Node version: 
  9.11.1

Platform: 
  win32 x64

npm manifest: 
  {
    "main": "node_modules/expo/AppEntry.js",
    "private": true,
    "scripts": {
      "test": "node ./node_modules/jest/bin/jest.js --watchAll"
    },
    "jest": {
      "preset": "jest-expo"
    },
    "dependencies": {
      "@expo/samples": "2.1.1",
      "axios": "^0.18.0",
      "expo": "26.0.0",
      "lodash": "^4.17.10",
      "react": "16.3.0-alpha.1",
      "react-native": "https://github.com/expo/react-native/archive/sdk-26.0.0.tar.gz",
      "react-native-elements": "^0.19.1",
      "react-navigation": "^1.5.10",
      "react-redux": "^5.0.7",
      "redux": "^3.7.2",
      "redux-logger": "^3.0.6",
      "redux-promise-middleware": "^5.1.1",
      "redux-thunk": "^2.2.0"
    },
    "devDependencies": {
      "babel-eslint": "^8.2.3",
      "eslint": "^4.19.1",
      "eslint-plugin-react": "^7.7.0",
      "eslint-plugin-react-native": "^3.2.1",
      "jest-expo": "^26.0.0"
    }
  }

yarn manifest: 
  No manifest

Lockfile: 
  No lockfile

Trace: 
  Error: EPERM: operation not permitted, unlink 'C:\users\paul\projects\babysteps-react-native\node_modules\dateformat\lib'
